<?xml version="1.0" encoding="UTF-8"?>
<testsuite xmlns:xsi="http://www.w3.org/2001/XMLSchema-instance" xsi:noNamespaceSchemaLocation="https://maven.apache.org/surefire/maven-surefire-plugin/xsd/surefire-test-report-3.0.xsd" version="3.0" name="com.vinot.somativa1.application.MainMenuTest" time="1.877" tests="9" errors="0" skipped="0" failures="0">
  <properties>
[...]
</properties>
  <testcase name="testAddUserAndExit" classname="com.vinot.somativa1.application.MainMenuTest" time="0.724"/>
  <testcase name="testListBooksAndExit" classname="com.vinot.somativa1.application.MainMenuTest" time="0.145"/>
  <testcase name="testAddBookAndExit" classname="com.vinot.somativa1.application.MainMenuTest" time="0.099"/>
  <testcase name="testSearchBookAndExit" classname="com.vinot.somativa1.application.MainMenuTest" time="0.109"/>
  <testcase name="testViewWaitlistAndExit" classname="com.vinot.somativa1.application.MainMenuTest" time="0.238"/>
  <testcase name="testListUsersAndExit" classname="com.vinot.somativa1.application.MainMenuTest" time="0.154"/>
  <testcase name="testInventoryViewAndExit" classname="com.vinot.somativa1.application.MainMenuTest" time="0.08"/>
  <testcase name="testViewUserHistoryAndExit" classname="com.vinot.somativa1.application.MainMenuTest" time="0.11"/>
  <testcase name="testAddUserToWaitlistAndExit" classname="com.vinot.somativa1.application.MainMenuTest" time="0.158"/>
</testsuite>